[startup] 20230908 10:51:33.811 [background-preinit] INFO  [Version:21] - HV000001: Hibernate Validator 6.2.5.Final
                
[startup] 20230908 10:51:33.813 [main] INFO  [MellyApiApplication:55] - Starting MellyApiApplication using Java 11.0.17 on seojemin-ui-MacBookPro.local with PID 10607 (/Users/seojemin/IdeaProjects/Melly_Server/melly-api/out/production/classes started by seojemin in /Users/seojemin/IdeaProjects/Melly_Server)
                
[startup] 20230908 10:51:33.814 [main] INFO  [MellyApiApplication:637] - The following 1 profile is active: "prod"
                
[startup] 20230908 10:51:34.474 [main] INFO  [RepositoryConfigurationDelegate:262] - Multiple Spring Data modules found, entering strict repository configuration mode
                
[startup] 20230908 10:51:34.475 [main] INFO  [RepositoryConfigurationDelegate:132] - Bootstrapping Spring Data JPA repositories in DEFAULT mode.
                
[startup] 20230908 10:51:34.541 [main] INFO  [RepositoryConfigurationDelegate:201] - Finished Spring Data repository scanning in 62 ms. Found 9 JPA repository interfaces.
                
[startup] 20230908 10:51:34.546 [main] INFO  [RepositoryConfigurationDelegate:262] - Multiple Spring Data modules found, entering strict repository configuration mode
                
[startup] 20230908 10:51:34.547 [main] INFO  [RepositoryConfigurationDelegate:132] - Bootstrapping Spring Data Redis repositories in DEFAULT mode.
                
[startup] 20230908 10:51:34.561 [main] INFO  [RepositoryConfigurationExtensionSupport:349] - Spring Data Redis - Could not safely identify store assignment for repository candidate interface cmc.mellyserver.mellycore.comment.domain.repository.CommentLikeRepository; If you want this repository to be a Redis repository, consider annotating your entities with one of these annotations: org.springframework.data.redis.core.RedisHash (preferred), or consider extending one of the following types with your repository: org.springframework.data.keyvalue.repository.KeyValueRepository
                
[startup] 20230908 10:51:34.562 [main] INFO  [RepositoryConfigurationExtensionSupport:349] - Spring Data Redis - Could not safely identify store assignment for repository candidate interface cmc.mellyserver.mellycore.comment.domain.repository.CommentRepository; If you want this repository to be a Redis repository, consider annotating your entities with one of these annotations: org.springframework.data.redis.core.RedisHash (preferred), or consider extending one of the following types with your repository: org.springframework.data.keyvalue.repository.KeyValueRepository
                
[startup] 20230908 10:51:34.562 [main] INFO  [RepositoryConfigurationExtensionSupport:349] - Spring Data Redis - Could not safely identify store assignment for repository candidate interface cmc.mellyserver.mellycore.group.domain.repository.GroupAndUserRepository; If you want this repository to be a Redis repository, consider annotating your entities with one of these annotations: org.springframework.data.redis.core.RedisHash (preferred), or consider extending one of the following types with your repository: org.springframework.data.keyvalue.repository.KeyValueRepository
                
[startup] 20230908 10:51:34.562 [main] INFO  [RepositoryConfigurationExtensionSupport:349] - Spring Data Redis - Could not safely identify store assignment for repository candidate interface cmc.mellyserver.mellycore.group.domain.repository.GroupRepository; If you want this repository to be a Redis repository, consider annotating your entities with one of these annotations: org.springframework.data.redis.core.RedisHash (preferred), or consider extending one of the following types with your repository: org.springframework.data.keyvalue.repository.KeyValueRepository
                
[startup] 20230908 10:51:34.562 [main] INFO  [RepositoryConfigurationExtensionSupport:349] - Spring Data Redis - Could not safely identify store assignment for repository candidate interface cmc.mellyserver.mellycore.memory.domain.repository.MemoryRepository; If you want this repository to be a Redis repository, consider annotating your entities with one of these annotations: org.springframework.data.redis.core.RedisHash (preferred), or consider extending one of the following types with your repository: org.springframework.data.keyvalue.repository.KeyValueRepository
                
[startup] 20230908 10:51:34.562 [main] INFO  [RepositoryConfigurationExtensionSupport:349] - Spring Data Redis - Could not safely identify store assignment for repository candidate interface cmc.mellyserver.mellycore.notification.domain.repository.NotificationRepository; If you want this repository to be a Redis repository, consider annotating your entities with one of these annotations: org.springframework.data.redis.core.RedisHash (preferred), or consider extending one of the following types with your repository: org.springframework.data.keyvalue.repository.KeyValueRepository
                
[startup] 20230908 10:51:34.562 [main] INFO  [RepositoryConfigurationExtensionSupport:349] - Spring Data Redis - Could not safely identify store assignment for repository candidate interface cmc.mellyserver.mellycore.place.domain.repository.PlaceRepository; If you want this repository to be a Redis repository, consider annotating your entities with one of these annotations: org.springframework.data.redis.core.RedisHash (preferred), or consider extending one of the following types with your repository: org.springframework.data.keyvalue.repository.KeyValueRepository
                
[startup] 20230908 10:51:34.563 [main] INFO  [RepositoryConfigurationExtensionSupport:349] - Spring Data Redis - Could not safely identify store assignment for repository candidate interface cmc.mellyserver.mellycore.scrap.domain.repository.PlaceScrapRepository; If you want this repository to be a Redis repository, consider annotating your entities with one of these annotations: org.springframework.data.redis.core.RedisHash (preferred), or consider extending one of the following types with your repository: org.springframework.data.keyvalue.repository.KeyValueRepository
                
[startup] 20230908 10:51:34.563 [main] INFO  [RepositoryConfigurationExtensionSupport:349] - Spring Data Redis - Could not safely identify store assignment for repository candidate interface cmc.mellyserver.mellycore.user.domain.repository.UserRepository; If you want this repository to be a Redis repository, consider annotating your entities with one of these annotations: org.springframework.data.redis.core.RedisHash (preferred), or consider extending one of the following types with your repository: org.springframework.data.keyvalue.repository.KeyValueRepository
                
[startup] 20230908 10:51:34.563 [main] INFO  [RepositoryConfigurationDelegate:201] - Finished Spring Data repository scanning in 12 ms. Found 0 Redis repository interfaces.
                
[startup] 20230908 10:51:34.648 [main] WARN  [EC2MetadataUtils:409] - Unable to retrieve the requested metadata (/latest/meta-data/instance-id). EC2 Instance Metadata Service is disabled
                
com.amazonaws.AmazonClientException: EC2 Instance Metadata Service is disabled
	at com.amazonaws.internal.InstanceMetadataServiceResourceFetcher.readResource(InstanceMetadataServiceResourceFetcher.java:65)
	at com.amazonaws.internal.EC2ResourceFetcher.readResource(EC2ResourceFetcher.java:66)
	at com.amazonaws.util.EC2MetadataUtils.getItems(EC2MetadataUtils.java:402)
	at com.amazonaws.util.EC2MetadataUtils.getData(EC2MetadataUtils.java:371)
	at org.springframework.cloud.aws.context.support.env.AwsCloudEnvironmentCheckUtils.isRunningOnCloudEnvironment(AwsCloudEnvironmentCheckUtils.java:38)
	at org.springframework.cloud.aws.context.annotation.OnAwsCloudEnvironmentCondition.matches(OnAwsCloudEnvironmentCondition.java:38)
	at org.springframework.context.annotation.ConditionEvaluator.shouldSkip(ConditionEvaluator.java:108)
	at org.springframework.context.annotation.ConfigurationClassBeanDefinitionReader$TrackedConditionEvaluator.shouldSkip(ConfigurationClassBeanDefinitionReader.java:489)
	at org.springframework.context.annotation.ConfigurationClassBeanDefinitionReader.loadBeanDefinitionsForConfigurationClass(ConfigurationClassBeanDefinitionReader.java:140)
	at org.springframework.context.annotation.ConfigurationClassBeanDefinitionReader.loadBeanDefinitions(ConfigurationClassBeanDefinitionReader.java:129)
	at org.springframework.context.annotation.ConfigurationClassPostProcessor.processConfigBeanDefinitions(ConfigurationClassPostProcessor.java:343)
	at org.springframework.context.annotation.ConfigurationClassPostProcessor.postProcessBeanDefinitionRegistry(ConfigurationClassPostProcessor.java:247)
	at org.springframework.context.support.PostProcessorRegistrationDelegate.invokeBeanDefinitionRegistryPostProcessors(PostProcessorRegistrationDelegate.java:311)
	at org.springframework.context.support.PostProcessorRegistrationDelegate.invokeBeanFactoryPostProcessors(PostProcessorRegistrationDelegate.java:112)
	at org.springframework.context.support.AbstractApplicationContext.invokeBeanFactoryPostProcessors(AbstractApplicationContext.java:748)
	at org.springframework.context.support.AbstractApplicationContext.refresh(AbstractApplicationContext.java:564)
	at org.springframework.boot.web.servlet.context.ServletWebServerApplicationContext.refresh(ServletWebServerApplicationContext.java:147)
	at org.springframework.boot.SpringApplication.refresh(SpringApplication.java:731)
	at org.springframework.boot.SpringApplication.refreshContext(SpringApplication.java:408)
	at org.springframework.boot.SpringApplication.run(SpringApplication.java:307)
	at org.springframework.boot.SpringApplication.run(SpringApplication.java:1303)
	at org.springframework.boot.SpringApplication.run(SpringApplication.java:1292)
	at cmc.mellyserver.MellyApiApplication.main(MellyApiApplication.java:15)
[startup] 20230908 10:51:34.753 [main] INFO  [GenericScope:283] - BeanFactory id=4e167535-55d7-3181-b4f4-2f5716840aa7
                
[startup] 20230908 10:51:34.822 [main] INFO  [PostProcessorRegistrationDelegate$BeanPostProcessorChecker:376] - Bean '(inner bean)#21274afe' of type [com.amazonaws.auth.EC2ContainerCredentialsProviderWrapper] is not eligible for getting processed by all BeanPostProcessors (for example: not eligible for auto-proxying)
                
[startup] 20230908 10:51:34.826 [main] INFO  [PostProcessorRegistrationDelegate$BeanPostProcessorChecker:376] - Bean '(inner bean)#58a7dc4' of type [com.amazonaws.auth.profile.ProfileCredentialsProvider] is not eligible for getting processed by all BeanPostProcessors (for example: not eligible for auto-proxying)
                
[startup] 20230908 10:51:35.170 [main] INFO  [TomcatWebServer:108] - Tomcat initialized with port(s): 8080 (http)
                
[startup] 20230908 10:51:35.175 [main] INFO  [Http11NioProtocol:173] - Initializing ProtocolHandler ["http-nio-8080"]
                
[startup] 20230908 10:51:35.175 [main] INFO  [StandardService:173] - Starting service [Tomcat]
                
[startup] 20230908 10:51:35.175 [main] INFO  [StandardEngine:173] - Starting Servlet engine: [Apache Tomcat/9.0.75]
                
[startup] 20230908 10:51:35.245 [main] INFO  [[/]:173] - Initializing Spring embedded WebApplicationContext
                
[startup] 20230908 10:51:35.245 [main] INFO  [ServletWebServerApplicationContext:292] - Root WebApplicationContext: initialization completed in 1408 ms
                
[startup] 20230908 10:51:35.351 [main] INFO  [RoutingDataSource:16] - Transaction Read Only : false
                
[startup] 20230908 10:51:35.352 [main] ERROR [HikariConfig:1028] - HikariPool-1 - dataSource or dataSourceClassName or jdbcUrl is required.
                
[startup] 20230908 10:51:35.353 [main] ERROR [TomcatStarter:61] - Error starting Tomcat context. Exception: org.springframework.beans.factory.UnsatisfiedDependencyException. Message: Error creating bean with name 'webMvcMetricsFilter' defined in class path resource [org/springframework/boot/actuate/autoconfigure/metrics/web/servlet/WebMvcMetricsAutoConfiguration.class]: Unsatisfied dependency expressed through method 'webMvcMetricsFilter' parameter 0; nested exception is org.springframework.beans.factory.BeanCreationException: Error creating bean with name 'prometheusMeterRegistry' defined in class path resource [org/springframework/boot/actuate/autoconfigure/metrics/export/prometheus/PrometheusMetricsExportAutoConfiguration.class]: Initialization of bean failed; nested exception is org.springframework.beans.factory.UnsatisfiedDependencyException: Error creating bean with name 'dataSourcePoolMetadataMeterBinder' defined in class path resource [org/springframework/boot/actuate/autoconfigure/metrics/jdbc/DataSourcePoolMetricsAutoConfiguration$DataSourcePoolMetadataMetricsConfiguration.class]: Unsatisfied dependency expressed through method 'dataSourcePoolMetadataMeterBinder' parameter 0; nested exception is org.springframework.beans.factory.BeanCreationException: Error creating bean with name 'dataSource' defined in class path resource [cmc/mellyserver/mellycore/config/datasource/DataSourceConfig.class]: Bean instantiation via factory method failed; nested exception is org.springframework.beans.BeanInstantiationException: Failed to instantiate [javax.sql.DataSource]: Factory method 'dataSource' threw exception; nested exception is java.lang.IllegalArgumentException: dataSource or dataSourceClassName or jdbcUrl is required.
                
[startup] 20230908 10:51:35.364 [main] INFO  [StandardService:173] - Stopping service [Tomcat]
                
[startup] 20230908 10:51:35.369 [main] WARN  [AnnotationConfigServletWebServerApplicationContext:591] - Exception encountered during context initialization - cancelling refresh attempt: org.springframework.context.ApplicationContextException: Unable to start web server; nested exception is org.springframework.boot.web.server.WebServerException: Unable to start embedded Tomcat
                
[startup] 20230908 10:51:35.379 [main] INFO  [ConditionEvaluationReportLoggingListener:136] - 

Error starting ApplicationContext. To display the conditions report re-run your application with 'debug' enabled.
                
[startup] 20230908 10:51:35.397 [main] ERROR [SpringApplication:821] - Application run failed
                
org.springframework.context.ApplicationContextException: Unable to start web server; nested exception is org.springframework.boot.web.server.WebServerException: Unable to start embedded Tomcat
	at org.springframework.boot.web.servlet.context.ServletWebServerApplicationContext.onRefresh(ServletWebServerApplicationContext.java:165)
	at org.springframework.context.support.AbstractApplicationContext.refresh(AbstractApplicationContext.java:577)
	at org.springframework.boot.web.servlet.context.ServletWebServerApplicationContext.refresh(ServletWebServerApplicationContext.java:147)
	at org.springframework.boot.SpringApplication.refresh(SpringApplication.java:731)
	at org.springframework.boot.SpringApplication.refreshContext(SpringApplication.java:408)
	at org.springframework.boot.SpringApplication.run(SpringApplication.java:307)
	at org.springframework.boot.SpringApplication.run(SpringApplication.java:1303)
	at org.springframework.boot.SpringApplication.run(SpringApplication.java:1292)
	at cmc.mellyserver.MellyApiApplication.main(MellyApiApplication.java:15)
Caused by: org.springframework.boot.web.server.WebServerException: Unable to start embedded Tomcat
	at org.springframework.boot.web.embedded.tomcat.TomcatWebServer.initialize(TomcatWebServer.java:142)
	at org.springframework.boot.web.embedded.tomcat.TomcatWebServer.<init>(TomcatWebServer.java:104)
	at org.springframework.boot.web.embedded.tomcat.TomcatServletWebServerFactory.getTomcatWebServer(TomcatServletWebServerFactory.java:481)
	at org.springframework.boot.web.embedded.tomcat.TomcatServletWebServerFactory.getWebServer(TomcatServletWebServerFactory.java:211)
	at org.springframework.boot.web.servlet.context.ServletWebServerApplicationContext.createWebServer(ServletWebServerApplicationContext.java:184)
	at org.springframework.boot.web.servlet.context.ServletWebServerApplicationContext.onRefresh(ServletWebServerApplicationContext.java:162)
	... 8 common frames omitted
Caused by: org.springframework.beans.factory.UnsatisfiedDependencyException: Error creating bean with name 'webMvcMetricsFilter' defined in class path resource [org/springframework/boot/actuate/autoconfigure/metrics/web/servlet/WebMvcMetricsAutoConfiguration.class]: Unsatisfied dependency expressed through method 'webMvcMetricsFilter' parameter 0; nested exception is org.springframework.beans.factory.BeanCreationException: Error creating bean with name 'prometheusMeterRegistry' defined in class path resource [org/springframework/boot/actuate/autoconfigure/metrics/export/prometheus/PrometheusMetricsExportAutoConfiguration.class]: Initialization of bean failed; nested exception is org.springframework.beans.factory.UnsatisfiedDependencyException: Error creating bean with name 'dataSourcePoolMetadataMeterBinder' defined in class path resource [org/springframework/boot/actuate/autoconfigure/metrics/jdbc/DataSourcePoolMetricsAutoConfiguration$DataSourcePoolMetadataMetricsConfiguration.class]: Unsatisfied dependency expressed through method 'dataSourcePoolMetadataMeterBinder' parameter 0; nested exception is org.springframework.beans.factory.BeanCreationException: Error creating bean with name 'dataSource' defined in class path resource [cmc/mellyserver/mellycore/config/datasource/DataSourceConfig.class]: Bean instantiation via factory method failed; nested exception is org.springframework.beans.BeanInstantiationException: Failed to instantiate [javax.sql.DataSource]: Factory method 'dataSource' threw exception; nested exception is java.lang.IllegalArgumentException: dataSource or dataSourceClassName or jdbcUrl is required.
	at org.springframework.beans.factory.support.ConstructorResolver.createArgumentArray(ConstructorResolver.java:800)
	at org.springframework.beans.factory.support.ConstructorResolver.instantiateUsingFactoryMethod(ConstructorResolver.java:541)
	at org.springframework.beans.factory.support.AbstractAutowireCapableBeanFactory.instantiateUsingFactoryMethod(AbstractAutowireCapableBeanFactory.java:1352)
	at org.springframework.beans.factory.support.AbstractAutowireCapableBeanFactory.createBeanInstance(AbstractAutowireCapableBeanFactory.java:1195)
	at org.springframework.beans.factory.support.AbstractAutowireCapableBeanFactory.doCreateBean(AbstractAutowireCapableBeanFactory.java:582)
	at org.springframework.beans.factory.support.AbstractAutowireCapableBeanFactory.createBean(AbstractAutowireCapableBeanFactory.java:542)
	at org.springframework.beans.factory.support.AbstractBeanFactory.lambda$doGetBean$0(AbstractBeanFactory.java:335)
	at org.springframework.beans.factory.support.DefaultSingletonBeanRegistry.getSingleton(DefaultSingletonBeanRegistry.java:234)
	at org.springframework.beans.factory.support.AbstractBeanFactory.doGetBean(AbstractBeanFactory.java:333)
	at org.springframework.beans.factory.support.AbstractBeanFactory.getBean(AbstractBeanFactory.java:213)
	at org.springframework.boot.web.servlet.ServletContextInitializerBeans.getOrderedBeansOfType(ServletContextInitializerBeans.java:213)
	at org.springframework.boot.web.servlet.ServletContextInitializerBeans.getOrderedBeansOfType(ServletContextInitializerBeans.java:204)
	at org.springframework.boot.web.servlet.ServletContextInitializerBeans.addServletContextInitializerBeans(ServletContextInitializerBeans.java:98)
	at org.springframework.boot.web.servlet.ServletContextInitializerBeans.<init>(ServletContextInitializerBeans.java:86)
	at org.springframework.boot.web.servlet.context.ServletWebServerApplicationContext.getServletContextInitializerBeans(ServletWebServerApplicationContext.java:262)
	at org.springframework.boot.web.servlet.context.ServletWebServerApplicationContext.selfInitialize(ServletWebServerApplicationContext.java:236)
	at org.springframework.boot.web.embedded.tomcat.TomcatStarter.onStartup(TomcatStarter.java:53)
	at org.apache.catalina.core.StandardContext.startInternal(StandardContext.java:4936)
	at org.apache.catalina.util.LifecycleBase.start(LifecycleBase.java:183)
	at org.apache.catalina.core.ContainerBase$StartChild.call(ContainerBase.java:1332)
	at org.apache.catalina.core.ContainerBase$StartChild.call(ContainerBase.java:1322)
	at java.base/java.util.concurrent.FutureTask.run(FutureTask.java:264)
	at org.apache.tomcat.util.threads.InlineExecutorService.execute(InlineExecutorService.java:75)
	at java.base/java.util.concurrent.AbstractExecutorService.submit(AbstractExecutorService.java:140)
	at org.apache.catalina.core.ContainerBase.startInternal(ContainerBase.java:871)
	at org.apache.catalina.core.StandardHost.startInternal(StandardHost.java:795)
	at org.apache.catalina.util.LifecycleBase.start(LifecycleBase.java:183)
	at org.apache.catalina.core.ContainerBase$StartChild.call(ContainerBase.java:1332)
	at org.apache.catalina.core.ContainerBase$StartChild.call(ContainerBase.java:1322)
	at java.base/java.util.concurrent.FutureTask.run(FutureTask.java:264)
	at org.apache.tomcat.util.threads.InlineExecutorService.execute(InlineExecutorService.java:75)
	at java.base/java.util.concurrent.AbstractExecutorService.submit(AbstractExecutorService.java:140)
	at org.apache.catalina.core.ContainerBase.startInternal(ContainerBase.java:871)
	at org.apache.catalina.core.StandardEngine.startInternal(StandardEngine.java:249)
	at org.apache.catalina.util.LifecycleBase.start(LifecycleBase.java:183)
	at org.apache.catalina.core.StandardService.startInternal(StandardService.java:428)
	at org.apache.catalina.util.LifecycleBase.start(LifecycleBase.java:183)
	at org.apache.catalina.core.StandardServer.startInternal(StandardServer.java:914)
	at org.apache.catalina.util.LifecycleBase.start(LifecycleBase.java:183)
	at org.apache.catalina.startup.Tomcat.start(Tomcat.java:486)
	at org.springframework.boot.web.embedded.tomcat.TomcatWebServer.initialize(TomcatWebServer.java:123)
	... 13 common frames omitted
Caused by: org.springframework.beans.factory.BeanCreationException: Error creating bean with name 'prometheusMeterRegistry' defined in class path resource [org/springframework/boot/actuate/autoconfigure/metrics/export/prometheus/PrometheusMetricsExportAutoConfiguration.class]: Initialization of bean failed; nested exception is org.springframework.beans.factory.UnsatisfiedDependencyException: Error creating bean with name 'dataSourcePoolMetadataMeterBinder' defined in class path resource [org/springframework/boot/actuate/autoconfigure/metrics/jdbc/DataSourcePoolMetricsAutoConfiguration$DataSourcePoolMetadataMetricsConfiguration.class]: Unsatisfied dependency expressed through method 'dataSourcePoolMetadataMeterBinder' parameter 0; nested exception is org.springframework.beans.factory.BeanCreationException: Error creating bean with name 'dataSource' defined in class path resource [cmc/mellyserver/mellycore/config/datasource/DataSourceConfig.class]: Bean instantiation via factory method failed; nested exception is org.springframework.beans.BeanInstantiationException: Failed to instantiate [javax.sql.DataSource]: Factory method 'dataSource' threw exception; nested exception is java.lang.IllegalArgumentException: dataSource or dataSourceClassName or jdbcUrl is required.
	at org.springframework.beans.factory.support.AbstractAutowireCapableBeanFactory.doCreateBean(AbstractAutowireCapableBeanFactory.java:628)
	at org.springframework.beans.factory.support.AbstractAutowireCapableBeanFactory.createBean(AbstractAutowireCapableBeanFactory.java:542)
	at org.springframework.beans.factory.support.AbstractBeanFactory.lambda$doGetBean$0(AbstractBeanFactory.java:335)
	at org.springframework.beans.factory.support.DefaultSingletonBeanRegistry.getSingleton(DefaultSingletonBeanRegistry.java:234)
	at org.springframework.beans.factory.support.AbstractBeanFactory.doGetBean(AbstractBeanFactory.java:333)
	at org.springframework.beans.factory.support.AbstractBeanFactory.getBean(AbstractBeanFactory.java:208)
	at org.springframework.beans.factory.config.DependencyDescriptor.resolveCandidate(DependencyDescriptor.java:276)
	at org.springframework.beans.factory.support.DefaultListableBeanFactory.doResolveDependency(DefaultListableBeanFactory.java:1391)
	at org.springframework.beans.factory.support.DefaultListableBeanFactory.resolveDependency(DefaultListableBeanFactory.java:1311)
	at org.springframework.beans.factory.support.ConstructorResolver.resolveAutowiredArgument(ConstructorResolver.java:887)
	at org.springframework.beans.factory.support.ConstructorResolver.createArgumentArray(ConstructorResolver.java:791)
	... 53 common frames omitted
Caused by: org.springframework.beans.factory.UnsatisfiedDependencyException: Error creating bean with name 'dataSourcePoolMetadataMeterBinder' defined in class path resource [org/springframework/boot/actuate/autoconfigure/metrics/jdbc/DataSourcePoolMetricsAutoConfiguration$DataSourcePoolMetadataMetricsConfiguration.class]: Unsatisfied dependency expressed through method 'dataSourcePoolMetadataMeterBinder' parameter 0; nested exception is org.springframework.beans.factory.BeanCreationException: Error creating bean with name 'dataSource' defined in class path resource [cmc/mellyserver/mellycore/config/datasource/DataSourceConfig.class]: Bean instantiation via factory method failed; nested exception is org.springframework.beans.BeanInstantiationException: Failed to instantiate [javax.sql.DataSource]: Factory method 'dataSource' threw exception; nested exception is java.lang.IllegalArgumentException: dataSource or dataSourceClassName or jdbcUrl is required.
	at org.springframework.beans.factory.support.ConstructorResolver.createArgumentArray(ConstructorResolver.java:800)
	at org.springframework.beans.factory.support.ConstructorResolver.instantiateUsingFactoryMethod(ConstructorResolver.java:541)
	at org.springframework.beans.factory.support.AbstractAutowireCapableBeanFactory.instantiateUsingFactoryMethod(AbstractAutowireCapableBeanFactory.java:1352)
	at org.springframework.beans.factory.support.AbstractAutowireCapableBeanFactory.createBeanInstance(AbstractAutowireCapableBeanFactory.java:1195)
	at org.springframework.beans.factory.support.AbstractAutowireCapableBeanFactory.doCreateBean(AbstractAutowireCapableBeanFactory.java:582)
	at org.springframework.beans.factory.support.AbstractAutowireCapableBeanFactory.createBean(AbstractAutowireCapableBeanFactory.java:542)
	at org.springframework.beans.factory.support.AbstractBeanFactory.lambda$doGetBean$0(AbstractBeanFactory.java:335)
	at org.springframework.beans.factory.support.DefaultSingletonBeanRegistry.getSingleton(DefaultSingletonBeanRegistry.java:234)
	at org.springframework.beans.factory.support.AbstractBeanFactory.doGetBean(AbstractBeanFactory.java:333)
	at org.springframework.beans.factory.support.AbstractBeanFactory.getBean(AbstractBeanFactory.java:208)
	at org.springframework.beans.factory.config.DependencyDescriptor.resolveCandidate(DependencyDescriptor.java:276)
	at org.springframework.beans.factory.support.DefaultListableBeanFactory.addCandidateEntry(DefaultListableBeanFactory.java:1616)
	at org.springframework.beans.factory.support.DefaultListableBeanFactory.findAutowireCandidates(DefaultListableBeanFactory.java:1573)
	at org.springframework.beans.factory.support.DefaultListableBeanFactory.resolveMultipleBeans(DefaultListableBeanFactory.java:1417)
	at org.springframework.beans.factory.support.DefaultListableBeanFactory.doResolveDependency(DefaultListableBeanFactory.java:1349)
	at org.springframework.beans.factory.support.DefaultListableBeanFactory$DependencyObjectProvider.resolveStream(DefaultListableBeanFactory.java:2119)
	at org.springframework.beans.factory.support.DefaultListableBeanFactory$DependencyObjectProvider.orderedStream(DefaultListableBeanFactory.java:2113)
	at org.springframework.boot.actuate.autoconfigure.metrics.MeterRegistryConfigurer.addBinders(MeterRegistryConfigurer.java:87)
	at org.springframework.boot.actuate.autoconfigure.metrics.MeterRegistryConfigurer.configure(MeterRegistryConfigurer.java:68)
	at org.springframework.boot.actuate.autoconfigure.metrics.MeterRegistryPostProcessor.postProcessAfterInitialization(MeterRegistryPostProcessor.java:64)
	at org.springframework.beans.factory.support.AbstractAutowireCapableBeanFactory.applyBeanPostProcessorsAfterInitialization(AbstractAutowireCapableBeanFactory.java:455)
	at org.springframework.beans.factory.support.AbstractAutowireCapableBeanFactory.initializeBean(AbstractAutowireCapableBeanFactory.java:1808)
	at org.springframework.beans.factory.support.AbstractAutowireCapableBeanFactory.doCreateBean(AbstractAutowireCapableBeanFactory.java:620)
	... 63 common frames omitted
Caused by: org.springframework.beans.factory.BeanCreationException: Error creating bean with name 'dataSource' defined in class path resource [cmc/mellyserver/mellycore/config/datasource/DataSourceConfig.class]: Bean instantiation via factory method failed; nested exception is org.springframework.beans.BeanInstantiationException: Failed to instantiate [javax.sql.DataSource]: Factory method 'dataSource' threw exception; nested exception is java.lang.IllegalArgumentException: dataSource or dataSourceClassName or jdbcUrl is required.
	at org.springframework.beans.factory.support.ConstructorResolver.instantiate(ConstructorResolver.java:658)
	at org.springframework.beans.factory.support.ConstructorResolver.instantiateUsingFactoryMethod(ConstructorResolver.java:638)
	at org.springframework.beans.factory.support.AbstractAutowireCapableBeanFactory.instantiateUsingFactoryMethod(AbstractAutowireCapableBeanFactory.java:1352)
	at org.springframework.beans.factory.support.AbstractAutowireCapableBeanFactory.createBeanInstance(AbstractAutowireCapableBeanFactory.java:1195)
	at org.springframework.beans.factory.support.AbstractAutowireCapableBeanFactory.doCreateBean(AbstractAutowireCapableBeanFactory.java:582)
	at org.springframework.beans.factory.support.AbstractAutowireCapableBeanFactory.createBean(AbstractAutowireCapableBeanFactory.java:542)
	at org.springframework.beans.factory.support.AbstractBeanFactory.lambda$doGetBean$0(AbstractBeanFactory.java:335)
	at org.springframework.beans.factory.support.DefaultSingletonBeanRegistry.getSingleton(DefaultSingletonBeanRegistry.java:234)
	at org.springframework.beans.factory.support.AbstractBeanFactory.doGetBean(AbstractBeanFactory.java:333)
	at org.springframework.beans.factory.support.AbstractBeanFactory.getBean(AbstractBeanFactory.java:208)
	at org.springframework.beans.factory.config.DependencyDescriptor.resolveCandidate(DependencyDescriptor.java:276)
	at org.springframework.beans.factory.support.DefaultListableBeanFactory.addCandidateEntry(DefaultListableBeanFactory.java:1609)
	at org.springframework.beans.factory.support.DefaultListableBeanFactory.findAutowireCandidates(DefaultListableBeanFactory.java:1573)
	at org.springframework.beans.factory.support.DefaultListableBeanFactory.resolveMultipleBeans(DefaultListableBeanFactory.java:1492)
	at org.springframework.beans.factory.support.DefaultListableBeanFactory.doResolveDependency(DefaultListableBeanFactory.java:1349)
	at org.springframework.beans.factory.support.DefaultListableBeanFactory.resolveDependency(DefaultListableBeanFactory.java:1311)
	at org.springframework.beans.factory.support.ConstructorResolver.resolveAutowiredArgument(ConstructorResolver.java:887)
	at org.springframework.beans.factory.support.ConstructorResolver.createArgumentArray(ConstructorResolver.java:791)
	... 85 common frames omitted
Caused by: org.springframework.beans.BeanInstantiationException: Failed to instantiate [javax.sql.DataSource]: Factory method 'dataSource' threw exception; nested exception is java.lang.IllegalArgumentException: dataSource or dataSourceClassName or jdbcUrl is required.
	at org.springframework.beans.factory.support.SimpleInstantiationStrategy.instantiate(SimpleInstantiationStrategy.java:185)
	at org.springframework.beans.factory.support.ConstructorResolver.instantiate(ConstructorResolver.java:653)
	... 102 common frames omitted
Caused by: java.lang.IllegalArgumentException: dataSource or dataSourceClassName or jdbcUrl is required.
	at com.zaxxer.hikari.HikariConfig.validate(HikariConfig.java:1029)
	at com.zaxxer.hikari.HikariDataSource.getConnection(HikariDataSource.java:109)
	at org.springframework.jdbc.datasource.lookup.AbstractRoutingDataSource.getConnection(AbstractRoutingDataSource.java:194)
	at org.springframework.jdbc.datasource.LazyConnectionDataSourceProxy.afterPropertiesSet(LazyConnectionDataSourceProxy.java:164)
	at org.springframework.jdbc.datasource.LazyConnectionDataSourceProxy.<init>(LazyConnectionDataSourceProxy.java:108)
	at cmc.mellyserver.mellycore.config.datasource.DataSourceConfig.dataSource(DataSourceConfig.java:57)
	at cmc.mellyserver.mellycore.config.datasource.DataSourceConfig$$EnhancerBySpringCGLIB$$7fe87636.CGLIB$dataSource$2(<generated>)
	at cmc.mellyserver.mellycore.config.datasource.DataSourceConfig$$EnhancerBySpringCGLIB$$7fe87636$$FastClassBySpringCGLIB$$eeaaa58c.invoke(<generated>)
	at org.springframework.cglib.proxy.MethodProxy.invokeSuper(MethodProxy.java:244)
	at org.springframework.context.annotation.ConfigurationClassEnhancer$BeanMethodInterceptor.intercept(ConfigurationClassEnhancer.java:331)
	at cmc.mellyserver.mellycore.config.datasource.DataSourceConfig$$EnhancerBySpringCGLIB$$7fe87636.dataSource(<generated>)
	at java.base/jdk.internal.reflect.NativeMethodAccessorImpl.invoke0(Native Method)
	at java.base/jdk.internal.reflect.NativeMethodAccessorImpl.invoke(NativeMethodAccessorImpl.java:62)
	at java.base/jdk.internal.reflect.DelegatingMethodAccessorImpl.invoke(DelegatingMethodAccessorImpl.java:43)
	at java.base/java.lang.reflect.Method.invoke(Method.java:566)
	at org.springframework.beans.factory.support.SimpleInstantiationStrategy.instantiate(SimpleInstantiationStrategy.java:154)
	... 103 common frames omitted
[startup] 20230908 11:03:43.278 [background-preinit] INFO  [Version:21] - HV000001: Hibernate Validator 6.2.5.Final
                
[startup] 20230908 11:03:43.281 [main] INFO  [MellyApiApplication:55] - Starting MellyApiApplication using Java 11.0.17 on seojemin-ui-MacBookPro.local with PID 11334 (/Users/seojemin/IdeaProjects/Melly_Server/melly-api/out/production/classes started by seojemin in /Users/seojemin/IdeaProjects/Melly_Server)
                
[startup] 20230908 11:03:43.282 [main] INFO  [MellyApiApplication:637] - The following 1 profile is active: "prod"
                
[startup] 20230908 11:03:44.053 [main] INFO  [RepositoryConfigurationDelegate:262] - Multiple Spring Data modules found, entering strict repository configuration mode
                
[startup] 20230908 11:03:44.053 [main] INFO  [RepositoryConfigurationDelegate:132] - Bootstrapping Spring Data JPA repositories in DEFAULT mode.
                
[startup] 20230908 11:03:44.130 [main] INFO  [RepositoryConfigurationDelegate:201] - Finished Spring Data repository scanning in 72 ms. Found 9 JPA repository interfaces.
                
[startup] 20230908 11:03:44.137 [main] INFO  [RepositoryConfigurationDelegate:262] - Multiple Spring Data modules found, entering strict repository configuration mode
                
[startup] 20230908 11:03:44.137 [main] INFO  [RepositoryConfigurationDelegate:132] - Bootstrapping Spring Data Redis repositories in DEFAULT mode.
                
[startup] 20230908 11:03:44.153 [main] INFO  [RepositoryConfigurationExtensionSupport:349] - Spring Data Redis - Could not safely identify store assignment for repository candidate interface cmc.mellyserver.mellycore.comment.domain.repository.CommentLikeRepository; If you want this repository to be a Redis repository, consider annotating your entities with one of these annotations: org.springframework.data.redis.core.RedisHash (preferred), or consider extending one of the following types with your repository: org.springframework.data.keyvalue.repository.KeyValueRepository
                
[startup] 20230908 11:03:44.153 [main] INFO  [RepositoryConfigurationExtensionSupport:349] - Spring Data Redis - Could not safely identify store assignment for repository candidate interface cmc.mellyserver.mellycore.comment.domain.repository.CommentRepository; If you want this repository to be a Redis repository, consider annotating your entities with one of these annotations: org.springframework.data.redis.core.RedisHash (preferred), or consider extending one of the following types with your repository: org.springframework.data.keyvalue.repository.KeyValueRepository
                
[startup] 20230908 11:03:44.153 [main] INFO  [RepositoryConfigurationExtensionSupport:349] - Spring Data Redis - Could not safely identify store assignment for repository candidate interface cmc.mellyserver.mellycore.group.domain.repository.GroupAndUserRepository; If you want this repository to be a Redis repository, consider annotating your entities with one of these annotations: org.springframework.data.redis.core.RedisHash (preferred), or consider extending one of the following types with your repository: org.springframework.data.keyvalue.repository.KeyValueRepository
                
[startup] 20230908 11:03:44.153 [main] INFO  [RepositoryConfigurationExtensionSupport:349] - Spring Data Redis - Could not safely identify store assignment for repository candidate interface cmc.mellyserver.mellycore.group.domain.repository.GroupRepository; If you want this repository to be a Redis repository, consider annotating your entities with one of these annotations: org.springframework.data.redis.core.RedisHash (preferred), or consider extending one of the following types with your repository: org.springframework.data.keyvalue.repository.KeyValueRepository
                
[startup] 20230908 11:03:44.154 [main] INFO  [RepositoryConfigurationExtensionSupport:349] - Spring Data Redis - Could not safely identify store assignment for repository candidate interface cmc.mellyserver.mellycore.memory.domain.repository.MemoryRepository; If you want this repository to be a Redis repository, consider annotating your entities with one of these annotations: org.springframework.data.redis.core.RedisHash (preferred), or consider extending one of the following types with your repository: org.springframework.data.keyvalue.repository.KeyValueRepository
                
[startup] 20230908 11:03:44.154 [main] INFO  [RepositoryConfigurationExtensionSupport:349] - Spring Data Redis - Could not safely identify store assignment for repository candidate interface cmc.mellyserver.mellycore.notification.domain.repository.NotificationRepository; If you want this repository to be a Redis repository, consider annotating your entities with one of these annotations: org.springframework.data.redis.core.RedisHash (preferred), or consider extending one of the following types with your repository: org.springframework.data.keyvalue.repository.KeyValueRepository
                
[startup] 20230908 11:03:44.154 [main] INFO  [RepositoryConfigurationExtensionSupport:349] - Spring Data Redis - Could not safely identify store assignment for repository candidate interface cmc.mellyserver.mellycore.place.domain.repository.PlaceRepository; If you want this repository to be a Redis repository, consider annotating your entities with one of these annotations: org.springframework.data.redis.core.RedisHash (preferred), or consider extending one of the following types with your repository: org.springframework.data.keyvalue.repository.KeyValueRepository
                
[startup] 20230908 11:03:44.154 [main] INFO  [RepositoryConfigurationExtensionSupport:349] - Spring Data Redis - Could not safely identify store assignment for repository candidate interface cmc.mellyserver.mellycore.scrap.domain.repository.PlaceScrapRepository; If you want this repository to be a Redis repository, consider annotating your entities with one of these annotations: org.springframework.data.redis.core.RedisHash (preferred), or consider extending one of the following types with your repository: org.springframework.data.keyvalue.repository.KeyValueRepository
                
[startup] 20230908 11:03:44.155 [main] INFO  [RepositoryConfigurationExtensionSupport:349] - Spring Data Redis - Could not safely identify store assignment for repository candidate interface cmc.mellyserver.mellycore.user.domain.repository.UserRepository; If you want this repository to be a Redis repository, consider annotating your entities with one of these annotations: org.springframework.data.redis.core.RedisHash (preferred), or consider extending one of the following types with your repository: org.springframework.data.keyvalue.repository.KeyValueRepository
                
[startup] 20230908 11:03:44.155 [main] INFO  [RepositoryConfigurationDelegate:201] - Finished Spring Data repository scanning in 12 ms. Found 0 Redis repository interfaces.
                
[startup] 20230908 11:03:44.355 [main] INFO  [GenericScope:283] - BeanFactory id=31723d35-ba5d-3195-88db-609638f080bd
                
[startup] 20230908 11:03:44.428 [main] INFO  [PostProcessorRegistrationDelegate$BeanPostProcessorChecker:376] - Bean '(inner bean)#3cc3f13e' of type [com.amazonaws.auth.BasicAWSCredentials] is not eligible for getting processed by all BeanPostProcessors (for example: not eligible for auto-proxying)
                
[startup] 20230908 11:03:44.429 [main] INFO  [PostProcessorRegistrationDelegate$BeanPostProcessorChecker:376] - Bean '(inner bean)#661e1399' of type [com.amazonaws.auth.AWSStaticCredentialsProvider] is not eligible for getting processed by all BeanPostProcessors (for example: not eligible for auto-proxying)
                
[startup] 20230908 11:03:44.432 [main] INFO  [PostProcessorRegistrationDelegate$BeanPostProcessorChecker:376] - Bean '(inner bean)#5db0003d' of type [com.amazonaws.auth.profile.ProfileCredentialsProvider] is not eligible for getting processed by all BeanPostProcessors (for example: not eligible for auto-proxying)
                
[startup] 20230908 11:03:44.767 [main] INFO  [TomcatWebServer:108] - Tomcat initialized with port(s): 8080 (http)
                
[startup] 20230908 11:03:44.771 [main] INFO  [Http11NioProtocol:173] - Initializing ProtocolHandler ["http-nio-8080"]
                
[startup] 20230908 11:03:44.771 [main] INFO  [StandardService:173] - Starting service [Tomcat]
                
[startup] 20230908 11:03:44.771 [main] INFO  [StandardEngine:173] - Starting Servlet engine: [Apache Tomcat/9.0.75]
                
[startup] 20230908 11:03:44.841 [main] INFO  [[/]:173] - Initializing Spring embedded WebApplicationContext
                
[startup] 20230908 11:03:44.842 [main] INFO  [ServletWebServerApplicationContext:292] - Root WebApplicationContext: initialization completed in 1536 ms
                
[startup] 20230908 11:03:44.956 [main] INFO  [RoutingDataSource:16] - Transaction Read Only : false
                
[startup] 20230908 11:03:44.957 [main] INFO  [HikariDataSource:110] - HikariPool-1 - Starting...
                
[startup] 20230908 11:03:45.120 [main] INFO  [HikariDataSource:123] - HikariPool-1 - Start completed.
                
[startup] 20230908 11:03:45.146 [main] INFO  [RoutingDataSource:16] - Transaction Read Only : false
                
[startup] 20230908 11:03:45.146 [main] INFO  [RoutingDataSource:16] - Transaction Read Only : false
                
[startup] 20230908 11:03:45.146 [main] INFO  [RoutingDataSource:16] - Transaction Read Only : false
                
[startup] 20230908 11:03:45.146 [main] INFO  [RoutingDataSource:16] - Transaction Read Only : false
                
[startup] 20230908 11:03:45.154 [main] INFO  [RoutingDataSource:16] - Transaction Read Only : false
                
[startup] 20230908 11:03:45.154 [main] INFO  [RoutingDataSource:16] - Transaction Read Only : false
                
[startup] 20230908 11:03:45.154 [main] INFO  [RoutingDataSource:16] - Transaction Read Only : false
                
[startup] 20230908 11:03:45.154 [main] INFO  [RoutingDataSource:16] - Transaction Read Only : false
                
[startup] 20230908 11:03:45.281 [main] INFO  [RoutingDataSource:16] - Transaction Read Only : false
                
[startup] 20230908 11:03:45.282 [main] INFO  [RoutingDataSource:16] - Transaction Read Only : false
                
[startup] 20230908 11:03:45.303 [main] INFO  [LogHelper:31] - HHH000204: Processing PersistenceUnitInfo [name: default]
                
[startup] 20230908 11:03:45.330 [main] INFO  [Version:44] - HHH000412: Hibernate ORM core version 5.6.15.Final
                
[startup] 20230908 11:03:45.419 [main] INFO  [Version:56] - HCANN000001: Hibernate Commons Annotations {5.1.2.Final}
                
[startup] 20230908 11:03:45.466 [main] INFO  [RoutingDataSource:16] - Transaction Read Only : false
                
[startup] 20230908 11:03:45.474 [main] INFO  [Dialect:175] - HHH000400: Using dialect: org.hibernate.dialect.MySQL8Dialect
                
[startup] 20230908 11:03:45.778 [main] INFO  [PojoInstantiator:47] - HHH000182: No default (no-argument) constructor for class: cmc.mellyserver.mellycore.notification.domain.Notification (class must be instantiated by Interceptor)
                
[startup] 20230908 11:03:45.841 [main] INFO  [JtaPlatformInitiator:52] - HHH000490: Using JtaPlatform implementation: [org.hibernate.engine.transaction.jta.platform.internal.NoJtaPlatform]
                
[startup] 20230908 11:03:45.846 [main] INFO  [LocalContainerEntityManagerFactoryBean:437] - Initialized JPA EntityManagerFactory for persistence unit 'default'
                
[startup] 20230908 11:03:46.211 [main] ERROR [DnsServerAddressStreamProviders:79] - Unable to load io.netty.resolver.dns.macos.MacOSDnsServerAddressStreamProvider, fallback to system defaults. This may result in incorrect DNS resolutions on MacOS. Check whether you have a dependency on 'io.netty:netty-resolver-dns-native-macos'. Use DEBUG level to see the full stack: java.lang.UnsatisfiedLinkError: failed to load the required native library
                
[startup] 20230908 11:03:46.339 [main] WARN  [JpaBaseConfiguration$JpaWebConfiguration:223] - spring.jpa.open-in-view is enabled by default. Therefore, database queries may be performed during view rendering. Explicitly configure spring.jpa.open-in-view to disable this warning
                
[startup] 20230908 11:03:47.276 [main] INFO  [Version:41] - Redisson 3.23.1
                
[startup] 20230908 11:03:47.348 [redisson-netty-4-4] INFO  [MasterPubSubConnectionPool:140] - 1 connections initialized for 127.0.0.1/127.0.0.1:6379
                
[startup] 20230908 11:03:47.405 [redisson-netty-4-19] INFO  [MasterConnectionPool:140] - 24 connections initialized for 127.0.0.1/127.0.0.1:6379
                
[startup] 20230908 11:03:47.527 [main] WARN  [UserDetailsServiceAutoConfiguration:89] - 

Using generated security password: 3dad1e04-fb29-431c-a685-18f948f4d05f

This generated password is for development use only. Your security configuration must be updated before running your application in production.

                
[startup] 20230908 11:03:47.558 [main] WARN  [WebSecurity:305] - You are asking Spring Security to ignore Ant [pattern='/swagger*/**']. This is not recommended -- please use permitAll via HttpSecurity#authorizeHttpRequests instead.
                
[startup] 20230908 11:03:47.558 [main] INFO  [DefaultSecurityFilterChain:52] - Will not secure Ant [pattern='/swagger*/**']
                
[startup] 20230908 11:03:47.558 [main] WARN  [WebSecurity:305] - You are asking Spring Security to ignore Ant [pattern='/firebase-messaging-sw.js']. This is not recommended -- please use permitAll via HttpSecurity#authorizeHttpRequests instead.
                
[startup] 20230908 11:03:47.559 [main] INFO  [DefaultSecurityFilterChain:52] - Will not secure Ant [pattern='/firebase-messaging-sw.js']
                
[startup] 20230908 11:03:47.590 [main] INFO  [WelcomePageHandlerMapping:58] - Adding welcome page template: index
                
[startup] 20230908 11:03:47.745 [main] INFO  [RoutingDataSource:16] - Transaction Read Only : false
                
[startup] 20230908 11:03:47.745 [main] INFO  [RoutingDataSource:16] - Transaction Read Only : false
                
[startup] 20230908 11:03:48.037 [main] INFO  [EndpointLinksResolver:58] - Exposing 24 endpoint(s) beneath base path '/actuator'
                
[startup] 20230908 11:03:48.078 [main] INFO  [DefaultSecurityFilterChain:55] - Will secure any request with [org.springframework.security.web.session.DisableEncodeUrlFilter@49648d97, org.springframework.security.web.context.request.async.WebAsyncManagerIntegrationFilter@1d691240, org.springframework.security.web.context.SecurityContextPersistenceFilter@14a82ea, org.springframework.security.web.header.HeaderWriterFilter@6d6f7412, org.springframework.web.filter.CorsFilter@69789fec, org.springframework.security.web.authentication.logout.LogoutFilter@4b01dd26, cmc.mellyserver.mellyapi.common.filter.JwtExceptionFilter@7455204c, cmc.mellyserver.mellyapi.common.filter.TokenAuthenticationFilter@4fa0e166, org.springframework.security.web.savedrequest.RequestCacheAwareFilter@294e4c35, org.springframework.security.web.servletapi.SecurityContextHolderAwareRequestFilter@11c7756f, org.springframework.security.web.authentication.AnonymousAuthenticationFilter@22c5c530, org.springframework.security.web.session.SessionManagementFilter@6987f367, org.springframework.security.web.access.ExceptionTranslationFilter@4971a92a, org.springframework.security.web.access.intercept.FilterSecurityInterceptor@53365a58]
                
[startup] 20230908 11:03:48.811 [main] INFO  [Http11NioProtocol:173] - Starting ProtocolHandler ["http-nio-8080"]
                
[startup] 20230908 11:03:48.818 [main] INFO  [TomcatWebServer:220] - Tomcat started on port(s): 8080 (http) with context path ''
                
[startup] 20230908 11:03:48.833 [main] INFO  [MellyApiApplication:61] - Started MellyApiApplication in 5.853 seconds (JVM running for 6.487)
                
[startup] 20230908 11:03:49.314 [RMI TCP Connection(3)-127.0.0.1] INFO  [RoutingDataSource:16] - Transaction Read Only : false
                
[startup] 20230908 11:03:49.314 [RMI TCP Connection(2)-127.0.0.1] INFO  [[/]:173] - Initializing Spring DispatcherServlet 'dispatcherServlet'
                
[startup] 20230908 11:03:49.314 [RMI TCP Connection(3)-127.0.0.1] INFO  [RoutingDataSource:16] - Transaction Read Only : false
                
[startup] 20230908 11:03:49.314 [RMI TCP Connection(2)-127.0.0.1] INFO  [DispatcherServlet:525] - Initializing Servlet 'dispatcherServlet'
                
[startup] 20230908 11:03:49.316 [RMI TCP Connection(2)-127.0.0.1] INFO  [DispatcherServlet:547] - Completed initialization in 2 ms
                
[41b90001ff864776a97788dbad20b572] 20230908 11:04:09.411 [http-nio-8080-exec-1] INFO  [AuthController:66] - logging
                
[41b90001ff864776a97788dbad20b572] 20230908 11:04:09.436 [http-nio-8080-exec-1] INFO  [RoutingDataSource:16] - Transaction Read Only : false
                
[startup] 20230908 11:55:48.145 [HikariPool-1 housekeeper] WARN  [HikariPool:788] - HikariPool-1 - Thread starvation or clock leap detected (housekeeper delta=2m32s583ms).
                
[startup] 20230908 11:57:51.723 [HikariPool-1 housekeeper] WARN  [HikariPool:788] - HikariPool-1 - Thread starvation or clock leap detected (housekeeper delta=2m3s581ms).
                
[startup] 20230908 12:37:58.581 [HikariPool-1 housekeeper] WARN  [HikariPool:788] - HikariPool-1 - Thread starvation or clock leap detected (housekeeper delta=2m6s490ms).
                
[startup] 20230908 12:43:52.901 [HikariPool-1 housekeeper] WARN  [HikariPool:788] - HikariPool-1 - Thread starvation or clock leap detected (housekeeper delta=5m54s321ms).
                
[startup] 20230908 12:50:26.351 [HikariPool-1 housekeeper] WARN  [HikariPool:788] - HikariPool-1 - Thread starvation or clock leap detected (housekeeper delta=6m3s444ms).
                
[startup] 20230908 12:57:10.571 [HikariPool-1 housekeeper] WARN  [HikariPool:788] - HikariPool-1 - Thread starvation or clock leap detected (housekeeper delta=6m44s220ms).
                
[startup] 20230908 13:04:59.353 [HikariPool-1 housekeeper] WARN  [HikariPool:788] - HikariPool-1 - Thread starvation or clock leap detected (housekeeper delta=7m18s772ms).
                
[startup] 20230908 13:12:38.155 [HikariPool-1 housekeeper] WARN  [HikariPool:788] - HikariPool-1 - Thread starvation or clock leap detected (housekeeper delta=7m38s802ms).
                
[startup] 20230908 13:20:35.832 [HikariPool-1 housekeeper] WARN  [HikariPool:788] - HikariPool-1 - Thread starvation or clock leap detected (housekeeper delta=7m27s666ms).
                
[startup] 20230908 13:26:28.495 [HikariPool-1 housekeeper] WARN  [HikariPool:788] - HikariPool-1 - Thread starvation or clock leap detected (housekeeper delta=5m22s657ms).
                
[startup] 20230908 13:38:16.241 [HikariPool-1 housekeeper] WARN  [HikariPool:788] - HikariPool-1 - Thread starvation or clock leap detected (housekeeper delta=11m47s747ms).
                
[startup] 20230908 13:39:12.969 [HikariPool-1 housekeeper] WARN  [HikariPool:788] - HikariPool-1 - Thread starvation or clock leap detected (housekeeper delta=56s728ms).
                
[startup] 20230908 14:07:27.540 [SpringApplicationShutdownHook] INFO  [GracefulShutdown:53] - Commencing graceful shutdown. Waiting for active requests to complete
                
[startup] 20230908 14:07:27.548 [tomcat-shutdown] INFO  [GracefulShutdown:78] - Graceful shutdown complete
                
[startup] 20230908 14:07:27.715 [SpringApplicationShutdownHook] INFO  [LocalContainerEntityManagerFactoryBean:651] - Closing JPA EntityManagerFactory for persistence unit 'default'
                
[startup] 20230908 14:07:27.719 [SpringApplicationShutdownHook] INFO  [HikariDataSource:350] - HikariPool-1 - Shutdown initiated...
                
[startup] 20230908 14:07:27.729 [SpringApplicationShutdownHook] INFO  [HikariDataSource:352] - HikariPool-1 - Shutdown completed.
                
[startup] 20230908 14:07:29.749 [main] INFO  [MellyApiApplication:55] - Starting MellyApiApplication using Java 11.0.17 on seojemin-ui-MacBookPro.local with PID 14594 (/Users/seojemin/IdeaProjects/Melly_Server/melly-api/out/production/classes started by seojemin in /Users/seojemin/IdeaProjects/Melly_Server)
                
[startup] 20230908 14:07:29.749 [background-preinit] INFO  [Version:21] - HV000001: Hibernate Validator 6.2.5.Final
                
[startup] 20230908 14:07:29.752 [main] INFO  [MellyApiApplication:637] - The following 1 profile is active: "prod"
                
[startup] 20230908 14:07:30.457 [main] INFO  [RepositoryConfigurationDelegate:262] - Multiple Spring Data modules found, entering strict repository configuration mode
                
[startup] 20230908 14:07:30.457 [main] INFO  [RepositoryConfigurationDelegate:132] - Bootstrapping Spring Data JPA repositories in DEFAULT mode.
                
[startup] 20230908 14:07:30.549 [main] INFO  [RepositoryConfigurationDelegate:201] - Finished Spring Data repository scanning in 88 ms. Found 9 JPA repository interfaces.
                
[startup] 20230908 14:07:30.555 [main] INFO  [RepositoryConfigurationDelegate:262] - Multiple Spring Data modules found, entering strict repository configuration mode
                
[startup] 20230908 14:07:30.556 [main] INFO  [RepositoryConfigurationDelegate:132] - Bootstrapping Spring Data Redis repositories in DEFAULT mode.
                
[startup] 20230908 14:07:30.572 [main] INFO  [RepositoryConfigurationExtensionSupport:349] - Spring Data Redis - Could not safely identify store assignment for repository candidate interface cmc.mellyserver.mellycore.comment.domain.repository.CommentLikeRepository; If you want this repository to be a Redis repository, consider annotating your entities with one of these annotations: org.springframework.data.redis.core.RedisHash (preferred), or consider extending one of the following types with your repository: org.springframework.data.keyvalue.repository.KeyValueRepository
                
[startup] 20230908 14:07:30.573 [main] INFO  [RepositoryConfigurationExtensionSupport:349] - Spring Data Redis - Could not safely identify store assignment for repository candidate interface cmc.mellyserver.mellycore.comment.domain.repository.CommentRepository; If you want this repository to be a Redis repository, consider annotating your entities with one of these annotations: org.springframework.data.redis.core.RedisHash (preferred), or consider extending one of the following types with your repository: org.springframework.data.keyvalue.repository.KeyValueRepository
                
[startup] 20230908 14:07:30.573 [main] INFO  [RepositoryConfigurationExtensionSupport:349] - Spring Data Redis - Could not safely identify store assignment for repository candidate interface cmc.mellyserver.mellycore.group.domain.repository.GroupAndUserRepository; If you want this repository to be a Redis repository, consider annotating your entities with one of these annotations: org.springframework.data.redis.core.RedisHash (preferred), or consider extending one of the following types with your repository: org.springframework.data.keyvalue.repository.KeyValueRepository
                
[startup] 20230908 14:07:30.574 [main] INFO  [RepositoryConfigurationExtensionSupport:349] - Spring Data Redis - Could not safely identify store assignment for repository candidate interface cmc.mellyserver.mellycore.group.domain.repository.GroupRepository; If you want this repository to be a Redis repository, consider annotating your entities with one of these annotations: org.springframework.data.redis.core.RedisHash (preferred), or consider extending one of the following types with your repository: org.springframework.data.keyvalue.repository.KeyValueRepository
                
[startup] 20230908 14:07:30.574 [main] INFO  [RepositoryConfigurationExtensionSupport:349] - Spring Data Redis - Could not safely identify store assignment for repository candidate interface cmc.mellyserver.mellycore.memory.domain.repository.MemoryRepository; If you want this repository to be a Redis repository, consider annotating your entities with one of these annotations: org.springframework.data.redis.core.RedisHash (preferred), or consider extending one of the following types with your repository: org.springframework.data.keyvalue.repository.KeyValueRepository
                
[startup] 20230908 14:07:30.574 [main] INFO  [RepositoryConfigurationExtensionSupport:349] - Spring Data Redis - Could not safely identify store assignment for repository candidate interface cmc.mellyserver.mellycore.notification.domain.repository.NotificationRepository; If you want this repository to be a Redis repository, consider annotating your entities with one of these annotations: org.springframework.data.redis.core.RedisHash (preferred), or consider extending one of the following types with your repository: org.springframework.data.keyvalue.repository.KeyValueRepository
                
[startup] 20230908 14:07:30.575 [main] INFO  [RepositoryConfigurationExtensionSupport:349] - Spring Data Redis - Could not safely identify store assignment for repository candidate interface cmc.mellyserver.mellycore.place.domain.repository.PlaceRepository; If you want this repository to be a Redis repository, consider annotating your entities with one of these annotations: org.springframework.data.redis.core.RedisHash (preferred), or consider extending one of the following types with your repository: org.springframework.data.keyvalue.repository.KeyValueRepository
                
[startup] 20230908 14:07:30.575 [main] INFO  [RepositoryConfigurationExtensionSupport:349] - Spring Data Redis - Could not safely identify store assignment for repository candidate interface cmc.mellyserver.mellycore.scrap.domain.repository.PlaceScrapRepository; If you want this repository to be a Redis repository, consider annotating your entities with one of these annotations: org.springframework.data.redis.core.RedisHash (preferred), or consider extending one of the following types with your repository: org.springframework.data.keyvalue.repository.KeyValueRepository
                
[startup] 20230908 14:07:30.575 [main] INFO  [RepositoryConfigurationExtensionSupport:349] - Spring Data Redis - Could not safely identify store assignment for repository candidate interface cmc.mellyserver.mellycore.user.domain.repository.UserRepository; If you want this repository to be a Redis repository, consider annotating your entities with one of these annotations: org.springframework.data.redis.core.RedisHash (preferred), or consider extending one of the following types with your repository: org.springframework.data.keyvalue.repository.KeyValueRepository
                
[startup] 20230908 14:07:30.575 [main] INFO  [RepositoryConfigurationDelegate:201] - Finished Spring Data repository scanning in 14 ms. Found 0 Redis repository interfaces.
                
[startup] 20230908 14:07:30.779 [main] INFO  [GenericScope:283] - BeanFactory id=31723d35-ba5d-3195-88db-609638f080bd
                
[startup] 20230908 14:07:30.859 [main] INFO  [PostProcessorRegistrationDelegate$BeanPostProcessorChecker:376] - Bean '(inner bean)#424f02b8' of type [com.amazonaws.auth.BasicAWSCredentials] is not eligible for getting processed by all BeanPostProcessors (for example: not eligible for auto-proxying)
                
[startup] 20230908 14:07:30.860 [main] INFO  [PostProcessorRegistrationDelegate$BeanPostProcessorChecker:376] - Bean '(inner bean)#74c121d4' of type [com.amazonaws.auth.AWSStaticCredentialsProvider] is not eligible for getting processed by all BeanPostProcessors (for example: not eligible for auto-proxying)
                
[startup] 20230908 14:07:30.864 [main] INFO  [PostProcessorRegistrationDelegate$BeanPostProcessorChecker:376] - Bean '(inner bean)#935d3f9' of type [com.amazonaws.auth.profile.ProfileCredentialsProvider] is not eligible for getting processed by all BeanPostProcessors (for example: not eligible for auto-proxying)
                
[startup] 20230908 14:07:31.214 [main] INFO  [TomcatWebServer:108] - Tomcat initialized with port(s): 8080 (http)
                
[startup] 20230908 14:07:31.219 [main] INFO  [Http11NioProtocol:173] - Initializing ProtocolHandler ["http-nio-8080"]
                
[startup] 20230908 14:07:31.219 [main] INFO  [StandardService:173] - Starting service [Tomcat]
                
[startup] 20230908 14:07:31.219 [main] INFO  [StandardEngine:173] - Starting Servlet engine: [Apache Tomcat/9.0.75]
                
[startup] 20230908 14:07:31.302 [main] INFO  [[/]:173] - Initializing Spring embedded WebApplicationContext
                
[startup] 20230908 14:07:31.303 [main] INFO  [ServletWebServerApplicationContext:292] - Root WebApplicationContext: initialization completed in 1525 ms
                
[startup] 20230908 14:07:31.423 [main] INFO  [RoutingDataSource:16] - Transaction Read Only : false
                
[startup] 20230908 14:07:31.424 [main] INFO  [HikariDataSource:110] - HikariPool-1 - Starting...
                
[startup] 20230908 14:07:31.737 [main] INFO  [HikariDataSource:123] - HikariPool-1 - Start completed.
                
[startup] 20230908 14:07:31.781 [main] INFO  [RoutingDataSource:16] - Transaction Read Only : false
                
[startup] 20230908 14:07:31.782 [main] INFO  [RoutingDataSource:16] - Transaction Read Only : false
                
[startup] 20230908 14:07:31.782 [main] INFO  [RoutingDataSource:16] - Transaction Read Only : false
                
[startup] 20230908 14:07:31.782 [main] INFO  [RoutingDataSource:16] - Transaction Read Only : false
                
[startup] 20230908 14:07:31.790 [main] INFO  [RoutingDataSource:16] - Transaction Read Only : false
                
[startup] 20230908 14:07:31.791 [main] INFO  [RoutingDataSource:16] - Transaction Read Only : false
                
[startup] 20230908 14:07:31.791 [main] INFO  [RoutingDataSource:16] - Transaction Read Only : false
                
[startup] 20230908 14:07:31.791 [main] INFO  [RoutingDataSource:16] - Transaction Read Only : false
                
[startup] 20230908 14:07:31.933 [main] INFO  [RoutingDataSource:16] - Transaction Read Only : false
                
[startup] 20230908 14:07:31.933 [main] INFO  [RoutingDataSource:16] - Transaction Read Only : false
                
[startup] 20230908 14:07:31.955 [main] INFO  [LogHelper:31] - HHH000204: Processing PersistenceUnitInfo [name: default]
                
[startup] 20230908 14:07:31.980 [main] INFO  [Version:44] - HHH000412: Hibernate ORM core version 5.6.15.Final
                
[startup] 20230908 14:07:32.058 [main] INFO  [Version:56] - HCANN000001: Hibernate Commons Annotations {5.1.2.Final}
                
[startup] 20230908 14:07:32.105 [main] INFO  [RoutingDataSource:16] - Transaction Read Only : false
                
[startup] 20230908 14:07:32.112 [main] INFO  [Dialect:175] - HHH000400: Using dialect: org.hibernate.dialect.MySQL8Dialect
                
[startup] 20230908 14:07:32.423 [main] INFO  [PojoInstantiator:47] - HHH000182: No default (no-argument) constructor for class: cmc.mellyserver.mellycore.notification.domain.Notification (class must be instantiated by Interceptor)
                
[startup] 20230908 14:07:32.488 [main] INFO  [JtaPlatformInitiator:52] - HHH000490: Using JtaPlatform implementation: [org.hibernate.engine.transaction.jta.platform.internal.NoJtaPlatform]
                
[startup] 20230908 14:07:32.494 [main] INFO  [LocalContainerEntityManagerFactoryBean:437] - Initialized JPA EntityManagerFactory for persistence unit 'default'
                
[startup] 20230908 14:07:32.844 [main] ERROR [DnsServerAddressStreamProviders:79] - Unable to load io.netty.resolver.dns.macos.MacOSDnsServerAddressStreamProvider, fallback to system defaults. This may result in incorrect DNS resolutions on MacOS. Check whether you have a dependency on 'io.netty:netty-resolver-dns-native-macos'. Use DEBUG level to see the full stack: java.lang.UnsatisfiedLinkError: failed to load the required native library
                
[startup] 20230908 14:07:32.965 [main] WARN  [JpaBaseConfiguration$JpaWebConfiguration:223] - spring.jpa.open-in-view is enabled by default. Therefore, database queries may be performed during view rendering. Explicitly configure spring.jpa.open-in-view to disable this warning
                
[startup] 20230908 14:07:33.900 [main] INFO  [Version:41] - Redisson 3.23.1
                
[startup] 20230908 14:07:33.996 [redisson-netty-4-4] INFO  [MasterPubSubConnectionPool:140] - 1 connections initialized for 3.35.52.90/3.35.52.90:6379
                
[startup] 20230908 14:07:34.411 [redisson-netty-4-19] INFO  [MasterConnectionPool:140] - 24 connections initialized for 3.35.52.90/3.35.52.90:6379
                
[startup] 20230908 14:07:34.542 [main] WARN  [UserDetailsServiceAutoConfiguration:89] - 

Using generated security password: ccad9598-7283-46de-975f-9126c99fa3e4

This generated password is for development use only. Your security configuration must be updated before running your application in production.

                
[startup] 20230908 14:07:34.577 [main] WARN  [WebSecurity:305] - You are asking Spring Security to ignore Ant [pattern='/swagger*/**']. This is not recommended -- please use permitAll via HttpSecurity#authorizeHttpRequests instead.
                
[startup] 20230908 14:07:34.577 [main] INFO  [DefaultSecurityFilterChain:52] - Will not secure Ant [pattern='/swagger*/**']
                
[startup] 20230908 14:07:34.577 [main] WARN  [WebSecurity:305] - You are asking Spring Security to ignore Ant [pattern='/firebase-messaging-sw.js']. This is not recommended -- please use permitAll via HttpSecurity#authorizeHttpRequests instead.
                
[startup] 20230908 14:07:34.577 [main] INFO  [DefaultSecurityFilterChain:52] - Will not secure Ant [pattern='/firebase-messaging-sw.js']
                
[startup] 20230908 14:07:34.609 [main] INFO  [WelcomePageHandlerMapping:58] - Adding welcome page template: index
                
[startup] 20230908 14:07:34.762 [main] INFO  [RoutingDataSource:16] - Transaction Read Only : false
                
[startup] 20230908 14:07:34.762 [main] INFO  [RoutingDataSource:16] - Transaction Read Only : false
                
[startup] 20230908 14:07:35.080 [main] INFO  [EndpointLinksResolver:58] - Exposing 24 endpoint(s) beneath base path '/actuator'
                
[startup] 20230908 14:07:35.135 [main] INFO  [DefaultSecurityFilterChain:55] - Will secure any request with [org.springframework.security.web.session.DisableEncodeUrlFilter@30ca87d9, org.springframework.security.web.context.request.async.WebAsyncManagerIntegrationFilter@10d5e2dc, org.springframework.security.web.context.SecurityContextPersistenceFilter@780a021b, org.springframework.security.web.header.HeaderWriterFilter@18f9c19c, org.springframework.web.filter.CorsFilter@266e0341, org.springframework.security.web.authentication.logout.LogoutFilter@6c303cdc, cmc.mellyserver.mellyapi.common.filter.JwtExceptionFilter@430212cb, cmc.mellyserver.mellyapi.common.filter.TokenAuthenticationFilter@5398fac2, org.springframework.security.web.savedrequest.RequestCacheAwareFilter@49bf6f8c, org.springframework.security.web.servletapi.SecurityContextHolderAwareRequestFilter@4159113f, org.springframework.security.web.authentication.AnonymousAuthenticationFilter@37884b27, org.springframework.security.web.session.SessionManagementFilter@33ea43a, org.springframework.security.web.access.ExceptionTranslationFilter@6208a618, org.springframework.security.web.access.intercept.FilterSecurityInterceptor@1c595228]
                
[startup] 20230908 14:07:35.870 [main] INFO  [Http11NioProtocol:173] - Starting ProtocolHandler ["http-nio-8080"]
                
[startup] 20230908 14:07:35.882 [main] INFO  [TomcatWebServer:220] - Tomcat started on port(s): 8080 (http) with context path ''
                
[startup] 20230908 14:07:35.898 [main] INFO  [MellyApiApplication:61] - Started MellyApiApplication in 6.62 seconds (JVM running for 7.044)
                
[startup] 20230908 14:07:36.423 [RMI TCP Connection(5)-127.0.0.1] INFO  [[/]:173] - Initializing Spring DispatcherServlet 'dispatcherServlet'
                
[startup] 20230908 14:07:36.424 [RMI TCP Connection(5)-127.0.0.1] INFO  [DispatcherServlet:525] - Initializing Servlet 'dispatcherServlet'
                
[startup] 20230908 14:07:36.425 [RMI TCP Connection(5)-127.0.0.1] INFO  [DispatcherServlet:547] - Completed initialization in 1 ms
                
[startup] 20230908 14:07:36.448 [RMI TCP Connection(4)-127.0.0.1] INFO  [RoutingDataSource:16] - Transaction Read Only : false
                
[startup] 20230908 14:07:36.448 [RMI TCP Connection(4)-127.0.0.1] INFO  [RoutingDataSource:16] - Transaction Read Only : false
                
[startup] 20230908 14:07:39.505 [SpringApplicationShutdownHook] INFO  [GracefulShutdown:53] - Commencing graceful shutdown. Waiting for active requests to complete
                
[startup] 20230908 14:07:39.508 [tomcat-shutdown] INFO  [GracefulShutdown:78] - Graceful shutdown complete
                
[startup] 20230908 14:07:39.669 [SpringApplicationShutdownHook] INFO  [LocalContainerEntityManagerFactoryBean:651] - Closing JPA EntityManagerFactory for persistence unit 'default'
                
[startup] 20230908 14:07:39.671 [SpringApplicationShutdownHook] INFO  [HikariDataSource:350] - HikariPool-1 - Shutdown initiated...
                
[startup] 20230908 14:07:39.755 [SpringApplicationShutdownHook] INFO  [HikariDataSource:352] - HikariPool-1 - Shutdown completed.
                
